<?xml version="1.0" encoding="UTF-8"?>
<!-- Generated by org.testng.reporters.JUnitReportReporter -->
<testsuite hostname="SmartMacs-MacBook-Pro.local" failures="0" tests="1" name="test1" time="7.128" errors="0" timestamp="13 Jan 2019 12:09:24 GMT" skipped="0">
  <testcase classname="test1" name="test1" time="7.128"/>
</testsuite> <!-- test1 -->
